<?xml version="1.0" encoding="UTF-8"?>
<!-- Generated by org.testng.reporters.JUnitXMLReporter -->
<testsuite hostname="I175KJ" ignored="0" name="Suite de tests" tests="4" failures="0" timestamp="18 déc. 2019 16:16:37 GMT" time="0.082" errors="0">
  <testcase name="test_B_1" time="0.001" classname="acial.selenium.exercices.testB"/>
  <testcase name="test_B_2" time="0.002" classname="acial.selenium.exercices.testB"/>
  <testcase name="test_A_2" time="0.001" classname="acial.selenium.exercices.TestA"/>
  <testcase name="test_A_1" time="0.003" classname="acial.selenium.exercices.TestA"/>
</testsuite> <!-- Suite de tests -->
