<?xml version="1.0" encoding="UTF-8"?>
<!-- Generated by org.testng.reporters.JUnitReportReporter -->
<testsuite skipped="0" hostname="I175KJ" name="acial.selenium.exercices.Exercice2" tests="6" failures="0" timestamp="17 déc. 2019 15:02:45 GMT" time="16.302" errors="0">
  <testcase name="testLoginLogout" time="1.807" classname="acial.selenium.exercices.Exercice2"/>
  <testcase name="testAjouterEmploye2" time="4.609" classname="acial.selenium.exercices.Exercice2"/>
  <testcase name="testAjouterEmploye2" time="5.534" classname="acial.selenium.exercices.Exercice2"/>
  <testcase name="testSupprimerEmploye" time="1.912" classname="acial.selenium.exercices.Exercice2"/>
  <testcase name="testSupprimerEmploye" time="1.783" classname="acial.selenium.exercices.Exercice2"/>
  <testcase name="Logout" time="0.657" classname="acial.selenium.exercices.Exercice2"/>
</testsuite> <!-- acial.selenium.exercices.Exercice2 -->
